<?xml version="1.0" encoding="UTF-8"?>
<!-- Generated by org.testng.reporters.JUnitReportReporter -->
<testsuite skipped="0" hostname="CYLAP004" name="com.sample.flipkartautomation.run.loginRunner" tests="6" failures="1" timestamp="30 Jul 2020 08:45:30 GMT" time="82.331" errors="0">
  <testcase name="loginrun" time="17.024" classname="com.sample.flipkartautomation.run.loginRunner"/>
  <testcase name="login" time="16.558" classname="com.sample.flipkartautomation.run.loginRunner"/>
  <testcase name="search" time="5.256" classname="com.sample.flipkartautomation.run.loginRunner"/>
  <testcase name="findItem" time="11.232" classname="com.sample.flipkartautomation.run.loginRunner"/>
  <testcase name="addToCart" time="23.966" classname="com.sample.flipkartautomation.run.loginRunner">
    <failure type="java.lang.AssertionError" message="expected [₹25,999] but found [₹6,999]">
      <![CDATA[java.lang.AssertionError: expected [₹25,999] but found [₹6,999]
at org.testng.Assert.fail(Assert.java:96)
at org.testng.Assert.failNotEquals(Assert.java:776)
at org.testng.Assert.assertEqualsImpl(Assert.java:137)
at org.testng.Assert.assertEquals(Assert.java:118)
at org.testng.Assert.assertEquals(Assert.java:453)
at org.testng.Assert.assertEquals(Assert.java:463)
at com.sample.flipkartautomation.run.loginRunner.verifyCart(loginRunner.java:167)
at com.sample.flipkartautomation.run.loginRunner.addToCart(loginRunner.java:160)
at sun.reflect.NativeMethodAccessorImpl.invoke0(Native Method)
at sun.reflect.NativeMethodAccessorImpl.invoke(Unknown Source)
at sun.reflect.DelegatingMethodAccessorImpl.invoke(Unknown Source)
at java.lang.reflect.Method.invoke(Unknown Source)
at org.testng.internal.MethodInvocationHelper.invokeMethod(MethodInvocationHelper.java:124)
at org.testng.internal.Invoker.invokeMethod(Invoker.java:583)
at org.testng.internal.Invoker.invokeTestMethod(Invoker.java:719)
at org.testng.internal.Invoker.invokeTestMethods(Invoker.java:989)
at org.testng.internal.TestMethodWorker.invokeTestMethods(TestMethodWorker.java:125)
at org.testng.internal.TestMethodWorker.run(TestMethodWorker.java:109)
at org.testng.TestRunner.privateRun(TestRunner.java:648)
at org.testng.TestRunner.run(TestRunner.java:505)
at org.testng.SuiteRunner.runTest(SuiteRunner.java:455)
at org.testng.SuiteRunner.runSequentially(SuiteRunner.java:450)
at org.testng.SuiteRunner.privateRun(SuiteRunner.java:415)
at org.testng.SuiteRunner.run(SuiteRunner.java:364)
at org.testng.SuiteRunnerWorker.runSuite(SuiteRunnerWorker.java:52)
at org.testng.SuiteRunnerWorker.run(SuiteRunnerWorker.java:84)
at org.testng.TestNG.runSuitesSequentially(TestNG.java:1208)
at org.testng.TestNG.runSuitesLocally(TestNG.java:1137)
at org.testng.TestNG.runSuites(TestNG.java:1049)
at org.testng.TestNG.run(TestNG.java:1017)
at org.testng.remote.AbstractRemoteTestNG.run(AbstractRemoteTestNG.java:115)
at org.testng.remote.RemoteTestNG.initAndRun(RemoteTestNG.java:251)
at org.testng.remote.RemoteTestNG.main(RemoteTestNG.java:77)
]]>
    </failure>
  </testcase> <!-- addToCart -->
  <testcase name="logout" time="8.295" classname="com.sample.flipkartautomation.run.loginRunner"/>
</testsuite> <!-- com.sample.flipkartautomation.run.loginRunner -->
